<?xml version="1.0" encoding="UTF-8"?>
<robot generator="Robot 5.0 (Python 3.8.10 on linux)" generated="20220402 08:13:10.530" rpa="false" schemaversion="3">
<suite id="s1" name="Form" source="/home/mmc/Robot/robot2/form.robot">
<test id="s1-t1" name="Cenario 1: Preencher Formulario" line="32">
<kw name="abrir navegador acessar site">
<kw name="Open Browser" library="SeleniumLibrary">
<arg>https://itera-qa.azurewebsites.net/home/automation</arg>
<arg>chrome</arg>
<doc>Opens a new browser instance to the optional ``url``.</doc>
<msg timestamp="20220402 08:13:10.771" level="INFO">Opening browser 'chrome' to base url 'https://itera-qa.azurewebsites.net/home/automation'.</msg>
<status status="PASS" starttime="20220402 08:13:10.770" endtime="20220402 08:13:14.457"/>
</kw>
<status status="PASS" starttime="20220402 08:13:10.770" endtime="20220402 08:13:14.458"/>
</kw>
<kw name="preencher campos">
<kw name="Input Text" library="SeleniumLibrary">
<arg>${input_name}</arg>
<arg>Marcio Cardoso</arg>
<doc>Types the given ``text`` into the text field identified by ``locator``.</doc>
<msg timestamp="20220402 08:13:14.462" level="INFO">Typing text 'Marcio Cardoso' into text field 'id=name'.</msg>
<status status="PASS" starttime="20220402 08:13:14.461" endtime="20220402 08:13:14.681"/>
</kw>
<kw name="Input Text" library="SeleniumLibrary">
<arg>${input_phone}</arg>
<arg>53984544760</arg>
<doc>Types the given ``text`` into the text field identified by ``locator``.</doc>
<msg timestamp="20220402 08:13:14.682" level="INFO">Typing text '53984544760' into text field 'id=phone'.</msg>
<status status="PASS" starttime="20220402 08:13:14.681" endtime="20220402 08:13:14.863"/>
</kw>
<kw name="Input Text" library="SeleniumLibrary">
<arg>${input_email}</arg>
<arg>marciodalu@gmail.com</arg>
<doc>Types the given ``text`` into the text field identified by ``locator``.</doc>
<msg timestamp="20220402 08:13:14.864" level="INFO">Typing text 'marciodalu@gmail.com' into text field 'id=email'.</msg>
<status status="PASS" starttime="20220402 08:13:14.864" endtime="20220402 08:13:15.071"/>
</kw>
<kw name="Input Text" library="SeleniumLibrary">
<arg>${input_password}</arg>
<arg>123456</arg>
<doc>Types the given ``text`` into the text field identified by ``locator``.</doc>
<msg timestamp="20220402 08:13:15.072" level="INFO">Typing text '123456' into text field 'id=password'.</msg>
<status status="PASS" starttime="20220402 08:13:15.071" endtime="20220402 08:13:15.260"/>
</kw>
<kw name="Input Text" library="SeleniumLibrary">
<arg>${textarea_adress}</arg>
<arg>Rua Dom Luis de Nadal 168</arg>
<doc>Types the given ``text`` into the text field identified by ``locator``.</doc>
<msg timestamp="20220402 08:13:15.261" level="INFO">Typing text 'Rua Dom Luis de Nadal 168' into text field 'id=address'.</msg>
<status status="PASS" starttime="20220402 08:13:15.260" endtime="20220402 08:13:15.453"/>
</kw>
<status status="PASS" starttime="20220402 08:13:14.460" endtime="20220402 08:13:15.454"/>
</kw>
<kw name="clicar em submit">
<kw name="Click Element" library="SeleniumLibrary">
<arg>${button_submit}</arg>
<doc>Click the element identified by ``locator``.</doc>
<msg timestamp="20220402 08:13:15.456" level="INFO">Clicking element 'name:submit'.</msg>
<status status="PASS" starttime="20220402 08:13:15.455" endtime="20220402 08:13:15.559"/>
</kw>
<status status="PASS" starttime="20220402 08:13:15.454" endtime="20220402 08:13:15.559"/>
</kw>
<kw name="fechar navegador">
<kw name="Close Browser" library="SeleniumLibrary">
<doc>Closes the current browser.</doc>
<status status="PASS" starttime="20220402 08:13:15.561" endtime="20220402 08:13:15.675"/>
</kw>
<status status="PASS" starttime="20220402 08:13:15.560" endtime="20220402 08:13:15.676"/>
</kw>
<status status="PASS" starttime="20220402 08:13:10.768" endtime="20220402 08:13:15.677"/>
</test>
<status status="PASS" starttime="20220402 08:13:10.531" endtime="20220402 08:13:15.682"/>
</suite>
<statistics>
<total>
<stat pass="1" fail="0" skip="0">All Tests</stat>
</total>
<tag>
</tag>
<suite>
<stat pass="1" fail="0" skip="0" id="s1" name="Form">Form</stat>
</suite>
</statistics>
<errors>
</errors>
</robot>
